GROUP,PACKAGE,CLASS,INSTRUCTION_MISSED,INSTRUCTION_COVERED,BRANCH_MISSED,BRANCH_COVERED,LINE_MISSED,LINE_COVERED,COMPLEXITY_MISSED,COMPLEXITY_COVERED,METHOD_MISSED,METHOD_COVERED
shareboard_is,service.validation,UniqueUsernameValidator,2,16,1,3,0,4,1,4,0,3
shareboard_is,service.validation,UniqueSectionNameValidator,3,15,2,2,0,4,2,3,0,3
shareboard_is,service.validation,UniqueEmailValidator,2,15,1,3,0,4,1,4,0,3
shareboard_is,service.validation,CommentExistsValidator,2,16,1,3,0,4,1,4,0,3
shareboard_is,service.validation,BanExistsValidator,3,15,2,2,0,4,2,3,0,3
shareboard_is,service.validation,PostExistsValidator,2,16,1,3,0,4,1,4,0,3
shareboard_is,service.validation,ImageValidator,6,22,1,5,2,6,1,5,0,3
shareboard_is,service.validation,UserExistsByNameValidator,2,16,1,3,0,4,1,4,0,3
shareboard_is,service.validation,SectionExistsByNameValidator,2,16,1,3,0,4,1,4,0,3
shareboard_is,service.validation,UsersExistsByIdValidator,2,16,1,3,0,4,1,4,0,3
shareboard_is,service.validation,SectionExistsByIdValidator,2,16,1,3,0,4,1,4,0,3
shareboard_is,http.controller.interceptor,AuthorizationConstraintsInterceptor,3,66,0,14,1,17,1,10,1,3
shareboard_is,http.controller.interceptor,JSONErrorInterceptor,27,100,1,3,7,31,2,7,1,6
shareboard_is,http.controller.interceptor,AuthorizationConstraints.Types,0,34,0,0,0,2,0,1,0,1
shareboard_is,http.controller.interceptor,ForwardOnErrorInterceptor,2,68,0,2,1,20,1,6,1,5
shareboard_is,persistence.repo,CommentRepository,0,33,0,0,0,9,0,3,0,3
shareboard_is,persistence.repo,PostRepository,0,8,0,0,0,2,0,2,0,2
shareboard_is,persistence.repo,PostRepository.SortCriteria,0,34,0,0,0,1,0,1,0,1
shareboard_is,persistence.repo,BinaryContentRepository,3,98,1,3,2,17,1,7,0,6
shareboard_is,persistence.repo,PostRepository.PostFinder,0,306,3,20,0,68,3,25,0,16
shareboard_is,persistence.repo,GenericRepository,0,108,0,4,0,20,0,12,0,10
shareboard_is,persistence.repo,SectionRepository,0,20,0,0,0,4,0,3,0,3
shareboard_is,persistence.repo,UserRepository,0,18,0,0,0,3,0,2,0,2
shareboard_is,util,DateUtils,3,127,0,22,1,14,1,12,1,1
shareboard_is,util,LimitedInputStream,0,60,0,4,0,15,0,6,0,4
shareboard_is,util,Pbkdf2PasswordHashImpl,6,60,0,0,2,12,0,6,0,6
shareboard_is,util,ReadLimitExceededException,0,3,0,0,0,1,0,1,0,1
shareboard_is,util,Pbkdf2PasswordHashImpl.HashedPassword,0,48,1,9,0,10,1,8,0,4
shareboard_is,service,AuthenticationService,6,102,0,10,1,28,1,8,1,3
shareboard_is,service,BanService,3,86,0,2,1,19,1,5,1,4
shareboard_is,service,CommentService,75,221,5,13,7,44,8,11,3,7
shareboard_is,service,ImageService,3,33,0,6,1,11,1,5,1,2
shareboard_is,service,UserService,15,217,4,10,5,50,5,13,1,10
shareboard_is,service,SectionService,27,174,2,8,7,35,3,14,1,11
shareboard_is,service,PostService,38,373,19,28,5,81,20,12,1,7
shareboard_is,service,FollowService,3,66,0,2,1,14,1,4,1,3
shareboard_is,service,VoteService,3,151,1,3,1,34,2,10,1,9
shareboard_is,http.controller,HomeServlet,0,15,0,0,0,5,0,3,0,3
shareboard_is,http.controller,DeleteSectionServlet,0,30,0,0,0,8,0,3,0,3
shareboard_is,http.controller,DeleteBanServlet,0,33,0,0,0,8,0,3,0,3
shareboard_is,http.controller,VoteServlet,0,84,0,12,0,21,0,9,0,3
shareboard_is,http.controller,PostServlet,7,86,0,2,2,19,1,4,1,3
shareboard_is,http.controller,DeleteUserServlet,0,30,0,0,0,8,0,3,0,3
shareboard_is,http.controller,UnvoteServlet,0,46,0,4,0,12,0,5,0,3
shareboard_is,http.controller,AdminServlet,0,15,0,0,0,5,0,3,0,3
shareboard_is,http.controller,SectionServlet,0,28,0,0,0,8,0,3,0,3
shareboard_is,http.controller,EditCommentServlet,0,42,0,0,0,10,0,3,0,3
shareboard_is,http.controller,EditSectionServlet,8,0,0,0,3,0,2,0,2,0
shareboard_is,http.controller,ToggleAdminServlet,0,19,0,0,0,5,0,2,0,2
shareboard_is,http.controller,EditPostServlet,8,0,0,0,3,0,2,0,2,0
shareboard_is,http.controller,UnfollowServlet,0,24,0,0,0,7,0,3,0,3
shareboard_is,http.controller,ShowBansServlet,0,40,0,0,0,10,0,3,0,3
shareboard_is,http.controller,ShowSectionServlet,1,10,0,0,1,3,1,2,1,2
shareboard_is,http.controller,DeleteCommentServlet,5,32,0,0,2,7,1,2,1,2
shareboard_is,http.controller,ImageServlet,2,46,1,5,0,16,1,4,0,2
shareboard_is,http.controller,FollowServlet,0,24,0,0,0,7,0,3,0,3
shareboard_is,http.controller,EditUserServlet,9,116,4,8,0,23,3,6,0,3
shareboard_is,http.controller,LoadPostsServlet,0,123,0,2,0,33,0,6,0,5
shareboard_is,http.controller,NewCommentServlet,7,44,1,1,1,11,1,3,0,3
shareboard_is,http.controller,ShowUsersServlet,0,18,0,0,0,5,0,2,0,2
shareboard_is,http.controller,LogoutServlet,0,12,0,0,0,4,0,2,0,2
shareboard_is,http.controller,NewPostServlet,0,83,0,4,0,16,0,5,0,3
shareboard_is,http.controller,SearchServlet,0,15,0,0,0,5,0,3,0,3
shareboard_is,http.controller,RegisterServlet,0,85,0,6,0,23,0,6,0,3
shareboard_is,http.controller,NewSectionServlet,12,55,2,2,0,12,2,3,0,3
shareboard_is,http.controller,DeletePostServlet,0,37,0,0,0,9,0,3,0,3
shareboard_is,http.controller,LoginServlet,0,64,0,6,0,15,0,6,0,3
shareboard_is,http.controller,UserServlet,0,23,0,0,0,6,0,2,0,2
shareboard_is,http.controller,AddBanServlet,0,40,0,0,0,10,0,4,0,4
shareboard_is,http.controller.filter,CheckCurrentUserFilter,14,0,0,0,4,0,2,0,2,0
shareboard_is,http.controller.filter,AliasFilter,0,129,1,14,0,32,1,11,0,2
shareboard_is,http.controller.filter,FallbackExceptionHandlerFilter,22,44,1,1,6,14,1,2,0,2
shareboard_is,http.controller.filter,EncodingFilter,14,0,0,0,5,0,2,0,2,0
shareboard_is,persistence.model,Comment,0,32,0,4,0,7,0,6,0,4
shareboard_is,persistence.model,Post.Type,0,24,0,0,0,1,0,1,0,1
shareboard_is,persistence.model,Post,0,53,0,10,0,9,0,10,0,5
shareboard_is,persistence.model,Follow.Id,0,55,0,8,0,10,0,8,0,4
shareboard_is,persistence.model,CommentVote.Id,0,55,0,8,0,10,0,8,0,4
shareboard_is,persistence.model,Ban,0,26,0,4,0,6,0,5,0,3
shareboard_is,persistence.model,User,0,35,0,4,0,8,0,6,0,4
shareboard_is,persistence.model,Section,0,36,0,4,0,8,0,7,0,5
shareboard_is,persistence.model,PostVote,0,84,0,4,0,19,0,8,0,6
shareboard_is,persistence.model,PostVote.Id,0,55,0,8,0,10,0,8,0,4
shareboard_is,persistence.model,Follow,0,81,0,4,0,18,0,8,0,6
shareboard_is,persistence.model,CommentVote,0,84,0,4,0,19,0,8,0,6
shareboard_is,service.dto,PostType,0,24,0,0,0,2,0,1,0,1
shareboard_is,service.dto,PostSearchForm.SortCriteria,0,34,0,0,0,1,0,1,0,1
shareboard_is,service.auth,DenyBannedUsersInterceptor,0,21,1,3,0,4,1,3,0,2
shareboard_is,service.auth,AuthenticationRequiredInterceptor,0,14,0,2,0,4,0,3,0,2
shareboard_is,service.auth,AdminsOnlyInterceptor,0,18,0,4,0,4,0,4,0,2
shareboard_is,service.auth,AuthorizationException,13,3,0,0,6,2,3,1,3,1
shareboard_is,service.auth,AuthenticationRequiredException,9,7,0,0,4,4,2,2,2,2
shareboard_is,service.auth,BannedUserException,0,9,0,0,0,5,0,3,0,3
shareboard_is,http.util,ParameterConverter,0,86,0,16,0,27,0,13,0,5
shareboard_is,http.util.interceptor,InterceptableServlet,0,141,0,4,0,30,0,12,0,10
shareboard_is,http.util.interceptor,ServletContainerInitializer,7,5,0,0,1,2,1,2,1,2
shareboard_is,http.util.interceptor,ServletInterceptorFactory,0,81,0,8,0,23,0,7,0,3
shareboard_is,http.util.interceptor,ServletInterceptor,0,5,0,0,0,2,0,2,0,2
