GROUP,PACKAGE,CLASS,INSTRUCTION_MISSED,INSTRUCTION_COVERED,BRANCH_MISSED,BRANCH_COVERED,LINE_MISSED,LINE_COVERED,COMPLEXITY_MISSED,COMPLEXITY_COVERED,METHOD_MISSED,METHOD_COVERED
shareboard_is,usecase.vote,UnvoteServlet,0,46,0,4,0,12,0,5,0,3
shareboard_is,usecase.vote,VoteServlet,0,84,0,12,0,21,0,9,0,3
shareboard_is,usecase.vote,VoteService,3,151,1,3,1,34,2,10,1,9
shareboard_is,usecase.user,ShowUsersServlet,0,18,0,0,0,5,0,2,0,2
shareboard_is,usecase.user,RegisterServlet,0,85,0,6,0,23,0,6,0,3
shareboard_is,usecase.user,UserService,15,217,4,10,5,50,5,13,1,10
shareboard_is,usecase.user,ToggleAdminServlet,0,19,0,0,0,5,0,2,0,2
shareboard_is,usecase.user,EditUserServlet,9,116,4,8,0,23,3,6,0,3
shareboard_is,usecase.user,AddBanServlet,0,40,0,0,0,10,0,4,0,4
shareboard_is,usecase.user,DeleteUserServlet,0,30,0,0,0,8,0,3,0,3
shareboard_is,usecase.user,UserServlet,0,23,0,0,0,6,0,2,0,2
shareboard_is,usecase.user,ShowBansServlet,0,40,0,0,0,10,0,3,0,3
shareboard_is,usecase.user,DeleteBanServlet,0,33,0,0,0,8,0,3,0,3
shareboard_is,usecase.user,BanService,3,86,0,2,1,19,1,5,1,4
shareboard_is,usecase.follow,FollowService,3,66,0,2,1,14,1,4,1,3
shareboard_is,usecase.follow,UnfollowServlet,0,24,0,0,0,7,0,3,0,3
shareboard_is,usecase.follow,FollowServlet,0,24,0,0,0,7,0,3,0,3
shareboard_is,usecase,AdminServlet,0,15,0,0,0,5,0,3,0,3
shareboard_is,usecase,HomeServlet,0,15,0,0,0,5,0,3,0,3
shareboard_is,media.validation,ImageValidator,6,22,1,5,2,6,1,5,0,3
shareboard_is,media,ImageServlet,2,46,1,5,0,16,1,4,0,2
shareboard_is,media,ImageService,3,33,0,6,1,11,1,5,1,2
shareboard_is,media,LimitedInputStream,0,60,0,4,0,15,0,6,0,4
shareboard_is,media,MediaRepository,3,98,1,3,2,17,1,7,0,6
shareboard_is,media,ReadLimitExceededException,0,3,0,0,0,1,0,1,0,1
shareboard_is,common.http,EncodingFilter,14,0,0,0,5,0,2,0,2,0
shareboard_is,common.http,AliasFilter,0,129,1,14,0,32,1,11,0,2
shareboard_is,common.http,ParameterConverter,0,86,0,16,0,27,0,13,0,5
shareboard_is,common.http,CheckCurrentUserFilter,14,0,0,0,4,0,2,0,2,0
shareboard_is,usecase.section,SectionServlet,0,28,0,0,0,8,0,3,0,3
shareboard_is,usecase.section,ShowSectionServlet,1,10,0,0,1,3,1,2,1,2
shareboard_is,usecase.section,EditSectionServlet,8,0,0,0,3,0,2,0,2,0
shareboard_is,usecase.section,SectionService,27,174,2,8,7,35,3,14,1,11
shareboard_is,usecase.section,NewSectionServlet,12,55,2,2,0,12,2,3,0,3
shareboard_is,usecase.section,DeleteSectionServlet,0,30,0,0,0,8,0,3,0,3
shareboard_is,common,FlywayMigrator,36,0,2,0,11,0,3,0,2,0
shareboard_is,common,DateUtils,3,127,0,22,1,14,1,12,1,1
shareboard_is,usecase.comment,CommentService,75,221,5,13,7,44,8,11,3,7
shareboard_is,usecase.comment,EditCommentServlet,0,42,0,0,0,10,0,3,0,3
shareboard_is,usecase.comment,NewCommentServlet,7,44,1,1,1,11,1,3,0,3
shareboard_is,usecase.comment,DeleteCommentServlet,5,32,0,0,2,7,1,2,1,2
shareboard_is,model.validation,UserExistsByNameValidator,2,16,1,3,0,4,1,4,0,3
shareboard_is,model.validation,UsersExistsByIdValidator,2,16,1,3,0,4,1,4,0,3
shareboard_is,model.validation,UniqueSectionNameValidator,3,15,2,2,0,4,2,3,0,3
shareboard_is,model.validation,UniqueUsernameValidator,2,16,1,3,0,4,1,4,0,3
shareboard_is,model.validation,PostExistsValidator,2,16,1,3,0,4,1,4,0,3
shareboard_is,model.validation,SectionExistsByNameValidator,2,16,1,3,0,4,1,4,0,3
shareboard_is,model.validation,BanExistsValidator,3,15,2,2,0,4,2,3,0,3
shareboard_is,model.validation,CommentExistsValidator,2,16,1,3,0,4,1,4,0,3
shareboard_is,model.validation,UniqueEmailValidator,2,15,1,3,0,4,1,4,0,3
shareboard_is,model.validation,SectionExistsByIdValidator,2,16,1,3,0,4,1,4,0,3
shareboard_is,model.entity,Follow,0,81,0,4,0,18,0,8,0,6
shareboard_is,model.entity,Comment,0,32,0,4,0,7,0,6,0,4
shareboard_is,model.entity,Follow.Id,0,55,0,8,0,10,0,8,0,4
shareboard_is,model.entity,PostVote,0,84,0,4,0,19,0,8,0,6
shareboard_is,model.entity,CommentVote.Id,0,55,0,8,0,10,0,8,0,4
shareboard_is,model.entity,Ban,0,26,0,4,0,6,0,5,0,3
shareboard_is,model.entity,Section,0,36,0,4,0,8,0,7,0,5
shareboard_is,model.entity,CommentVote,0,84,0,4,0,19,0,8,0,6
shareboard_is,model.entity,Post.Type,0,24,0,0,0,1,0,1,0,1
shareboard_is,model.entity,PostVote.Id,0,55,0,8,0,10,0,8,0,4
shareboard_is,model.entity,Post,0,53,0,10,0,9,0,10,0,5
shareboard_is,model.entity,User,0,35,0,4,0,8,0,6,0,4
shareboard_is,usecase.post,SearchPostServlet,0,15,0,0,0,5,0,3,0,3
shareboard_is,usecase.post,PostService,38,373,19,28,5,81,20,12,1,7
shareboard_is,usecase.post,DeletePostServlet,0,37,0,0,0,9,0,3,0,3
shareboard_is,usecase.post,PostSearchForm.SortCriteria,0,34,0,0,0,1,0,1,0,1
shareboard_is,usecase.post,NewPostServlet,0,83,0,4,0,16,0,5,0,3
shareboard_is,usecase.post,PostType,0,24,0,0,0,2,0,1,0,1
shareboard_is,usecase.post,LoadPostsServlet,0,123,0,2,0,33,0,6,0,5
shareboard_is,usecase.post,EditPostServlet,8,0,0,0,3,0,2,0,2,0
shareboard_is,usecase.post,PostServlet,33,60,1,1,6,15,2,3,1,3
shareboard_is,model.repository,UserRepository,0,18,0,0,0,3,0,2,0,2
shareboard_is,model.repository,SectionRepository,0,20,0,0,0,4,0,3,0,3
shareboard_is,model.repository,PostRepository.SortCriteria,0,34,0,0,0,1,0,1,0,1
shareboard_is,model.repository,CommentRepository,0,33,0,0,0,9,0,3,0,3
shareboard_is,model.repository,PostRepository,0,8,0,0,0,2,0,2,0,2
shareboard_is,model.repository,PostRepository.PostFinder,0,306,3,20,0,68,3,25,0,16
shareboard_is,model.repository,GenericRepository,0,108,0,4,0,20,0,12,0,10
shareboard_is,usecase.auth,AuthenticationRequiredException,9,7,0,0,4,4,2,2,2,2
shareboard_is,usecase.auth,LogoutServlet,0,12,0,0,0,4,0,2,0,2
shareboard_is,usecase.auth,DenyBannedUsersInterceptor,0,21,1,3,0,4,1,3,0,2
shareboard_is,usecase.auth,AuthorizationConstraintsInterceptor,3,66,0,14,1,17,1,10,1,3
shareboard_is,usecase.auth,AuthenticationService,6,102,0,10,1,28,1,8,1,3
shareboard_is,usecase.auth,AuthorizationException,13,3,0,0,6,2,3,1,3,1
shareboard_is,usecase.auth,AuthorizationConstraints.Types,0,34,0,0,0,2,0,1,0,1
shareboard_is,usecase.auth,Pbkdf2PasswordHash,6,60,0,0,2,12,0,6,0,6
shareboard_is,usecase.auth,AuthenticationRequiredInterceptor,0,14,0,2,0,4,0,3,0,2
shareboard_is,usecase.auth,BannedUserException,0,9,0,0,0,5,0,3,0,3
shareboard_is,usecase.auth,AdminsOnlyInterceptor,0,18,0,4,0,4,0,4,0,2
shareboard_is,usecase.auth,Pbkdf2PasswordHash.HashedPassword,0,48,1,9,0,10,1,8,0,4
shareboard_is,usecase.auth,LoginServlet,0,64,0,6,0,15,0,6,0,3
shareboard_is,common.http.error,JSONErrorInterceptor,27,100,1,3,7,31,2,7,1,6
shareboard_is,common.http.error,FallbackExceptionHandlerFilter,22,44,1,1,6,14,1,2,0,2
shareboard_is,common.http.error,ForwardOnErrorInterceptor,2,68,0,2,1,20,1,6,1,5
shareboard_is,common.http.interceptor,ServletInterceptor,0,5,0,0,0,2,0,2,0,2
shareboard_is,common.http.interceptor,ServletContainerInitializer,7,5,0,0,1,2,1,2,1,2
shareboard_is,common.http.interceptor,ServletInterceptorFactory,0,81,0,8,0,23,0,7,0,3
shareboard_is,common.http.interceptor,InterceptableServlet,0,141,0,4,0,30,0,12,0,10
